<?xml version="1.0" encoding="UTF-8"?>
<testng-results ignored="0" total="2" passed="2" failed="0" skipped="0">
  <reporter-output>
    <line>
      <![CDATA[Before Suite Start >> Loading all data provider]]>
    </line>
    <line>
      <![CDATA[Before Suite >> Data provider loaded]]>
    </line>
    <line>
      <![CDATA[Before Suite >> Setting extent report]]>
    </line>
    <line>
      <![CDATA[Before Suite end >> Extend report setup completed]]>
    </line>
    <line>
      <![CDATA[Before Class Start >> Getting browsers and applicatin details]]>
    </line>
    <line>
      <![CDATA[Before Class end >> Browser launched and application up and running]]>
    </line>
    <line>
      <![CDATA[After Method start >> Starting Extent test report preparation]]>
    </line>
    <line>
      <![CDATA[After Method  end >> Extent report generated]]>
    </line>
    <line>
      <![CDATA[After Method start >> Starting Extent test report preparation]]>
    </line>
    <line>
      <![CDATA[After Method  end >> Extent report generated]]>
    </line>
    <line>
      <![CDATA[After Class start >> About to quit browser]]>
    </line>
    <line>
      <![CDATA[After Class end >> Browser quited]]>
    </line>
  </reporter-output>
  <suite started-at="2021-03-04T20:53:17 IST" name="Default suite" finished-at="2021-03-04T20:53:38 IST" duration-ms="20902">
    <groups>
    </groups>
    <test started-at="2021-03-04T20:53:17 IST" name="Default test" finished-at="2021-03-04T20:53:38 IST" duration-ms="20902">
      <class name="com.LearnAutomation.testcases.LoginTestCRM">
        <test-method is-config="true" signature="setUpSuite()[pri:0, instance:com.LearnAutomation.testcases.LoginTestCRM@78aab498]" started-at="2021-03-04T20:53:16 IST" name="setUpSuite" finished-at="2021-03-04T20:53:17 IST" duration-ms="1012" status="PASS">
          <reporter-output>
            <line>
              <![CDATA[Before Suite Start >> Loading all data provider]]>
            </line>
            <line>
              <![CDATA[Before Suite >> Data provider loaded]]>
            </line>
            <line>
              <![CDATA[Before Suite >> Setting extent report]]>
            </line>
            <line>
              <![CDATA[Before Suite end >> Extend report setup completed]]>
            </line>
          </reporter-output>
        </test-method> <!-- setUpSuite -->
        <test-method is-config="true" signature="setup()[pri:0, instance:com.LearnAutomation.testcases.LoginTestCRM@78aab498]" started-at="2021-03-04T20:53:17 IST" name="setup" finished-at="2021-03-04T20:53:28 IST" duration-ms="10643" status="PASS">
          <reporter-output>
            <line>
              <![CDATA[Before Class Start >> Getting browsers and applicatin details]]>
            </line>
            <line>
              <![CDATA[Before Class end >> Browser launched and application up and running]]>
            </line>
          </reporter-output>
        </test-method> <!-- setup -->
        <test-method signature="loginApp()[pri:0, instance:com.LearnAutomation.testcases.LoginTestCRM@78aab498]" started-at="2021-03-04T20:53:28 IST" name="loginApp" finished-at="2021-03-04T20:53:34 IST" duration-ms="5736" status="PASS">
          <reporter-output>
          </reporter-output>
        </test-method> <!-- loginApp -->
        <test-method is-config="true" signature="tearDownMethod(org.testng.ITestResult)[pri:0, instance:com.LearnAutomation.testcases.LoginTestCRM@78aab498]" started-at="2021-03-04T20:53:34 IST" name="tearDownMethod" finished-at="2021-03-04T20:53:35 IST" duration-ms="926" status="PASS">
          <params>
            <param index="0">
              <value>
                <![CDATA[[TestResult name=loginApp status=SUCCESS method=LoginTestCRM.loginApp()[pri:0, instance:com.LearnAutomation.testcases.LoginTestCRM@78aab498] output={null}]]]>
              </value>
            </param>
          </params>
          <reporter-output>
            <line>
              <![CDATA[After Method start >> Starting Extent test report preparation]]>
            </line>
            <line>
              <![CDATA[After Method  end >> Extent report generated]]>
            </line>
          </reporter-output>
        </test-method> <!-- tearDownMethod -->
        <test-method signature="loginApp1()[pri:0, instance:com.LearnAutomation.testcases.LoginTestCRM@78aab498]" started-at="2021-03-04T20:53:35 IST" name="loginApp1" finished-at="2021-03-04T20:53:37 IST" duration-ms="2254" status="PASS">
          <reporter-output>
          </reporter-output>
        </test-method> <!-- loginApp1 -->
        <test-method is-config="true" signature="tearDownMethod(org.testng.ITestResult)[pri:0, instance:com.LearnAutomation.testcases.LoginTestCRM@78aab498]" started-at="2021-03-04T20:53:37 IST" name="tearDownMethod" finished-at="2021-03-04T20:53:37 IST" duration-ms="463" status="PASS">
          <params>
            <param index="0">
              <value>
                <![CDATA[[TestResult name=loginApp1 status=SUCCESS method=LoginTestCRM.loginApp1()[pri:0, instance:com.LearnAutomation.testcases.LoginTestCRM@78aab498] output={null}]]]>
              </value>
            </param>
          </params>
          <reporter-output>
            <line>
              <![CDATA[After Method start >> Starting Extent test report preparation]]>
            </line>
            <line>
              <![CDATA[After Method  end >> Extent report generated]]>
            </line>
          </reporter-output>
        </test-method> <!-- tearDownMethod -->
        <test-method is-config="true" signature="teardown()[pri:0, instance:com.LearnAutomation.testcases.LoginTestCRM@78aab498]" started-at="2021-03-04T20:53:37 IST" name="teardown" finished-at="2021-03-04T20:53:38 IST" duration-ms="842" status="PASS">
          <reporter-output>
            <line>
              <![CDATA[After Class start >> About to quit browser]]>
            </line>
            <line>
              <![CDATA[After Class end >> Browser quited]]>
            </line>
          </reporter-output>
        </test-method> <!-- teardown -->
      </class> <!-- com.LearnAutomation.testcases.LoginTestCRM -->
    </test> <!-- Default test -->
  </suite> <!-- Default suite -->
</testng-results>
